Unity Editor version:    2022.1.13f1 (22856944e6d2)
Branch:                  2022.1/staging
Build type:              Release
Batch mode:              YES
macOS version:           Version 12.2.1 (Build 21D62)
Darwin version:          21.3.0
Architecture:            arm64
Running under Rosetta:   NO
Available memory:        16384 MB
Using pre-set license
Pro License: YES

COMMAND LINE ARGUMENTS:
/Applications/Unity/Hub/Editor/2022.1.13f1/Unity.app/Contents/MacOS/Unity
-adb2
-batchMode
-noUpm
-name
AssetImportWorker0
-projectPath
/Users/harrisonferrone/Documents/GitHub/C-Design-Patterns-with-Unity-First-Edition/Ch_11_Final
-logFile
Logs/AssetImportWorker0.log
-srvPort
49970
Successfully changed project path to: /Users/harrisonferrone/Documents/GitHub/C-Design-Patterns-with-Unity-First-Edition/Ch_11_Final
/Users/harrisonferrone/Documents/GitHub/C-Design-Patterns-with-Unity-First-Edition/Ch_11_Final
[UnityMemory] Configuration Parameters - Can be set up in boot.config
    "memorysetup-bucket-allocator-granularity=16"
    "memorysetup-bucket-allocator-bucket-count=8"
    "memorysetup-bucket-allocator-block-size=33554432"
    "memorysetup-bucket-allocator-block-count=8"
    "memorysetup-main-allocator-block-size=16777216"
    "memorysetup-thread-allocator-block-size=16777216"
    "memorysetup-gfx-main-allocator-block-size=16777216"
    "memorysetup-gfx-thread-allocator-block-size=16777216"
    "memorysetup-cache-allocator-block-size=4194304"
    "memorysetup-typetree-allocator-block-size=2097152"
    "memorysetup-profiler-bucket-allocator-granularity=16"
    "memorysetup-profiler-bucket-allocator-bucket-count=8"
    "memorysetup-profiler-bucket-allocator-block-size=33554432"
    "memorysetup-profiler-bucket-allocator-block-count=8"
    "memorysetup-profiler-allocator-block-size=16777216"
    "memorysetup-profiler-editor-allocator-block-size=1048576"
    "memorysetup-temp-allocator-size-main=16777216"
    "memorysetup-job-temp-allocator-block-size=2097152"
    "memorysetup-job-temp-allocator-block-size-background=1048576"
    "memorysetup-job-temp-allocator-reduction-small-platforms=262144"
    "memorysetup-temp-allocator-size-background-worker=32768"
    "memorysetup-temp-allocator-size-job-worker=262144"
    "memorysetup-temp-allocator-size-preload-manager=33554432"
    "memorysetup-temp-allocator-size-nav-mesh-worker=65536"
    "memorysetup-temp-allocator-size-audio-worker=65536"
    "memorysetup-temp-allocator-size-cloud-worker=32768"
    "memorysetup-temp-allocator-size-gi-baking-worker=262144"
    "memorysetup-temp-allocator-size-gfx=262144"
Refreshing native plugins compatible for Editor in 60.63 ms, found 2 plugins.
Preloading 0 native plugins for Editor in 0.00 ms.
Initialize engine version: 2022.1.13f1 (22856944e6d2)
[Subsystems] Discovering subsystems at path /Applications/Unity/Hub/Editor/2022.1.13f1/Unity.app/Contents/Resources/UnitySubsystems
[Subsystems] Discovering subsystems at path /Users/harrisonferrone/Documents/GitHub/C-Design-Patterns-with-Unity-First-Edition/Ch_11_Final/Assets
GfxDevice: creating device client; threaded=0; jobified=0
 preferred device: Apple M1 Pro (high power)
Metal devices available: 1
0: Apple M1 Pro (high power)
Using device Apple M1 Pro (high power)
Initializing Metal device caps: Apple M1 Pro
Initialize mono
Mono path[0] = '/Applications/Unity/Hub/Editor/2022.1.13f1/Unity.app/Contents/Managed'
Mono path[1] = '/Applications/Unity/Hub/Editor/2022.1.13f1/Unity.app/Contents/MonoBleedingEdge/lib/mono/unityjit-macos'
Mono config path = '/Applications/Unity/Hub/Editor/2022.1.13f1/Unity.app/Contents/MonoBleedingEdge/etc'
Using monoOptions --debugger-agent=transport=dt_socket,embedding=1,server=y,suspend=n,address=127.0.0.1:56100
Begin MonoManager ReloadAssembly
Registering precompiled unity dll's ...
Register platform support module: /Applications/Unity/Hub/Editor/2022.1.13f1/Unity.app/Contents/PlaybackEngines/MacStandaloneSupport/UnityEditor.OSXStandalone.Extensions.dll
Registered in 0.000968 seconds.
Native extension for OSXStandalone target not found
Refreshing native plugins compatible for Editor in 64.63 ms, found 2 plugins.
Preloading 0 native plugins for Editor in 0.00 ms.
Mono: successfully reloaded assembly
- Completed reload, in  0.442 seconds
Domain Reload Profiling:
	ReloadAssembly (442ms)
		BeginReloadAssembly (50ms)
			ExecutionOrderSort (0ms)
			DisableScriptedObjects (0ms)
			BackupInstance (0ms)
			ReleaseScriptingObjects (0ms)
			CreateAndSetChildDomain (0ms)
		EndReloadAssembly (317ms)
			LoadAssemblies (50ms)
			RebuildTransferFunctionScriptingTraits (0ms)
			SetupTypeCache (83ms)
				TypeCache.Initialize (83ms)
					TypeCache.ScanAssembly (82ms)
				ResolveRequiredComponents (0ms)
			ReleaseScriptCaches (0ms)
			RebuildScriptCaches (22ms)
			SetupLoadedEditorAssemblies (180ms)
				LogAssemblyErrors (0ms)
				InitializePlatformSupportModulesInManaged (4ms)
				SetLoadedEditorAssemblies (5ms)
				RefreshPlugins (65ms)
				BeforeProcessingInitializeOnLoad (1ms)
				ProcessInitializeOnLoadAttributes (80ms)
				ProcessInitializeOnLoadMethodAttributes (26ms)
				AfterProcessingInitializeOnLoad (0ms)
				EditorAssembliesLoaded (0ms)
			ExecutionOrderSort2 (0ms)
			AwakeInstancesAfterBackupRestoration (0ms)
Platform modules already initialized, skipping
Registering precompiled user dll's ...
Registered in 0.001415 seconds.
Begin MonoManager ReloadAssembly
Symbol file LoadedFromMemory doesn't match image /Users/harrisonferrone/Documents/GitHub/C-Design-Patterns-with-Unity-First-Edition/Ch_11_Final/Library/PackageCache/com.unity.visualscripting@1.7.8/Editor/VisualScripting.Core/Dependencies/YamlDotNet/Unity.VisualScripting.YamlDotNet.dll
Symbol file LoadedFromMemory doesn't match image /Users/harrisonferrone/Documents/GitHub/C-Design-Patterns-with-Unity-First-Edition/Ch_11_Final/Library/PackageCache/com.unity.visualscripting@1.7.8/Editor/VisualScripting.Core/Dependencies/DotNetZip/Unity.VisualScripting.IonicZip.dll
Native extension for OSXStandalone target not found
Refreshing native plugins compatible for Editor in 0.30 ms, found 2 plugins.
Preloading 0 native plugins for Editor in 0.00 ms.
Mono: successfully reloaded assembly
- Completed reload, in  0.723 seconds
Domain Reload Profiling:
	ReloadAssembly (723ms)
		BeginReloadAssembly (74ms)
			ExecutionOrderSort (0ms)
			DisableScriptedObjects (4ms)
			BackupInstance (0ms)
			ReleaseScriptingObjects (0ms)
			CreateAndSetChildDomain (20ms)
		EndReloadAssembly (578ms)
			LoadAssemblies (61ms)
			RebuildTransferFunctionScriptingTraits (0ms)
			SetupTypeCache (203ms)
				TypeCache.Initialize (200ms)
					TypeCache.ScanAssembly (198ms)
				ResolveRequiredComponents (3ms)
			ReleaseScriptCaches (0ms)
			RebuildScriptCaches (38ms)
			SetupLoadedEditorAssemblies (242ms)
				LogAssemblyErrors (0ms)
				InitializePlatformSupportModulesInManaged (2ms)
				SetLoadedEditorAssemblies (4ms)
				RefreshPlugins (0ms)
				BeforeProcessingInitializeOnLoad (56ms)
				ProcessInitializeOnLoadAttributes (161ms)
				ProcessInitializeOnLoadMethodAttributes (18ms)
				AfterProcessingInitializeOnLoad (0ms)
				EditorAssembliesLoaded (0ms)
			ExecutionOrderSort2 (0ms)
			AwakeInstancesAfterBackupRestoration (2ms)
Platform modules already initialized, skipping
========================================================================
Worker process is ready to serve import requests
Launching external process: /Applications/Unity/Hub/Editor/2022.1.13f1/Unity.app/Contents/Tools/UnityShaderCompiler
Launched and connected shader compiler UnityShaderCompiler after 0.04 seconds
Refreshing native plugins compatible for Editor in 0.35 ms, found 2 plugins.
Preloading 0 native plugins for Editor in 0.00 ms.
Unloading 3418 Unused Serialized files (Serialized files now loaded: 0)
Unloading 26 unused Assets / (45.9 KB). Loaded Objects now: 3879.
Memory consumption went from 0.63 GB to 0.63 GB.
Total: 2.393958 ms (FindLiveObjects: 0.125125 ms CreateObjectMapping: 0.043167 ms MarkObjects: 2.175167 ms  DeleteObjects: 0.049917 ms)

AssetImportParameters requested are different than current active one (requested -> active):
  custom:video-decoder-ogg-theora: a1e56fd34408186e4bbccfd4996cb3dc -> 
  custom:container-muxer-webm: aa71ff27fc2769a1b78a27578f13a17b -> 
  custom:container-demuxer-webm: 4f35f7cbe854078d1ac9338744f61a02 -> 
  custom:video-encoder-webm-vp8: eb34c28f22e8b96e1ab97ce403110664 -> 
  custom:framework-osx-AVFoundation: e770b220cccbd017edd2c1fefb359320 -> 
  custom:audio-encoder-webm-vorbis: bf7c407c2cedff20999df2af8eb42d56 -> 
  custom:container-demuxer-ogg: 62fdf1f143b41e24485cea50d1cbac27 -> 
  custom:video-decoder-webm-vp8: 9c59270c3fd7afecdb556c50c9e8de78 -> 
  custom:audio-decoder-ogg-vorbis: bf7c407c2cedff20999df2af8eb42d56 -> 
========================================================================
Received Prepare
Registering precompiled user dll's ...
Registered in 0.001455 seconds.
Begin MonoManager ReloadAssembly
Thread 0x2cf023000 may have been prematurely finalized
Symbol file LoadedFromMemory doesn't match image /Users/harrisonferrone/Documents/GitHub/C-Design-Patterns-with-Unity-First-Edition/Ch_11_Final/Library/PackageCache/com.unity.visualscripting@1.7.8/Editor/VisualScripting.Core/Dependencies/YamlDotNet/Unity.VisualScripting.YamlDotNet.dll
Symbol file LoadedFromMemory doesn't match image /Users/harrisonferrone/Documents/GitHub/C-Design-Patterns-with-Unity-First-Edition/Ch_11_Final/Library/PackageCache/com.unity.visualscripting@1.7.8/Editor/VisualScripting.Core/Dependencies/DotNetZip/Unity.VisualScripting.IonicZip.dll
Native extension for OSXStandalone target not found
Refreshing native plugins compatible for Editor in 0.34 ms, found 2 plugins.
Preloading 0 native plugins for Editor in 0.00 ms.
Mono: successfully reloaded assembly
- Completed reload, in  0.632 seconds
Domain Reload Profiling:
	ReloadAssembly (632ms)
		BeginReloadAssembly (87ms)
			ExecutionOrderSort (0ms)
			DisableScriptedObjects (3ms)
			BackupInstance (0ms)
			ReleaseScriptingObjects (0ms)
			CreateAndSetChildDomain (37ms)
		EndReloadAssembly (483ms)
			LoadAssemblies (40ms)
			RebuildTransferFunctionScriptingTraits (0ms)
			SetupTypeCache (183ms)
				TypeCache.Initialize (181ms)
					TypeCache.ScanAssembly (178ms)
				ResolveRequiredComponents (3ms)
			ReleaseScriptCaches (1ms)
			RebuildScriptCaches (26ms)
			SetupLoadedEditorAssemblies (199ms)
				LogAssemblyErrors (0ms)
				InitializePlatformSupportModulesInManaged (5ms)
				SetLoadedEditorAssemblies (4ms)
				RefreshPlugins (0ms)
				BeforeProcessingInitializeOnLoad (37ms)
				ProcessInitializeOnLoadAttributes (135ms)
				ProcessInitializeOnLoadMethodAttributes (17ms)
				AfterProcessingInitializeOnLoad (1ms)
				EditorAssembliesLoaded (0ms)
			ExecutionOrderSort2 (0ms)
			AwakeInstancesAfterBackupRestoration (3ms)
Platform modules already initialized, skipping
Refreshing native plugins compatible for Editor in 1.27 ms, found 2 plugins.
Preloading 0 native plugins for Editor in 0.00 ms.
Unloading 3399 Unused Serialized files (Serialized files now loaded: 0)
Unloading 19 unused Assets / (22.5 KB). Loaded Objects now: 3882.
Memory consumption went from 0.62 GB to 0.62 GB.
Total: 2.233584 ms (FindLiveObjects: 0.132958 ms CreateObjectMapping: 0.044708 ms MarkObjects: 2.030667 ms  DeleteObjects: 0.024500 ms)

AssetImportParameters requested are different than current active one (requested -> active):
  custom:video-decoder-ogg-theora: a1e56fd34408186e4bbccfd4996cb3dc -> 
  custom:container-muxer-webm: aa71ff27fc2769a1b78a27578f13a17b -> 
  custom:container-demuxer-webm: 4f35f7cbe854078d1ac9338744f61a02 -> 
  custom:video-encoder-webm-vp8: eb34c28f22e8b96e1ab97ce403110664 -> 
  custom:framework-osx-AVFoundation: e770b220cccbd017edd2c1fefb359320 -> 
  custom:audio-encoder-webm-vorbis: bf7c407c2cedff20999df2af8eb42d56 -> 
  custom:container-demuxer-ogg: 62fdf1f143b41e24485cea50d1cbac27 -> 
  custom:video-decoder-webm-vp8: 9c59270c3fd7afecdb556c50c9e8de78 -> 
  custom:audio-decoder-ogg-vorbis: bf7c407c2cedff20999df2af8eb42d56 -> 
========================================================================
Received Import Request.
  Time since last request: 559814.001865 seconds.
  path: Assets/Scripts/SOVisitor.cs
  artifactKey: Guid(2d7c6f7b2eea34ee7b9052b7cf95e7d4) Importer(815301076,1909f56bfc062723c751e8b465ee728b)
Start importing Assets/Scripts/SOVisitor.cs using Guid(2d7c6f7b2eea34ee7b9052b7cf95e7d4) Importer(815301076,1909f56bfc062723c751e8b465ee728b)  -> (artifact id: '4309a7cb2257787d6a224f9d38d0cc0b') in 0.129236 seconds 
========================================================================
Received Prepare
Registering precompiled user dll's ...
Registered in 0.001160 seconds.
Begin MonoManager ReloadAssembly
Thread 0x16ef87000 may have been prematurely finalized
Symbol file LoadedFromMemory doesn't match image /Users/harrisonferrone/Documents/GitHub/C-Design-Patterns-with-Unity-First-Edition/Ch_11_Final/Library/PackageCache/com.unity.visualscripting@1.7.8/Editor/VisualScripting.Core/Dependencies/YamlDotNet/Unity.VisualScripting.YamlDotNet.dll
Symbol file LoadedFromMemory doesn't match image /Users/harrisonferrone/Documents/GitHub/C-Design-Patterns-with-Unity-First-Edition/Ch_11_Final/Library/PackageCache/com.unity.visualscripting@1.7.8/Editor/VisualScripting.Core/Dependencies/DotNetZip/Unity.VisualScripting.IonicZip.dll
Native extension for OSXStandalone target not found
Refreshing native plugins compatible for Editor in 0.36 ms, found 2 plugins.
Preloading 0 native plugins for Editor in 0.00 ms.
Mono: successfully reloaded assembly
- Completed reload, in  0.609 seconds
Domain Reload Profiling:
	ReloadAssembly (610ms)
		BeginReloadAssembly (88ms)
			ExecutionOrderSort (0ms)
			DisableScriptedObjects (3ms)
			BackupInstance (0ms)
			ReleaseScriptingObjects (0ms)
			CreateAndSetChildDomain (39ms)
		EndReloadAssembly (464ms)
			LoadAssemblies (34ms)
			RebuildTransferFunctionScriptingTraits (0ms)
			SetupTypeCache (177ms)
				TypeCache.Initialize (174ms)
					TypeCache.ScanAssembly (172ms)
				ResolveRequiredComponents (3ms)
			ReleaseScriptCaches (1ms)
			RebuildScriptCaches (25ms)
			SetupLoadedEditorAssemblies (195ms)
				LogAssemblyErrors (0ms)
				InitializePlatformSupportModulesInManaged (6ms)
				SetLoadedEditorAssemblies (5ms)
				RefreshPlugins (0ms)
				BeforeProcessingInitializeOnLoad (36ms)
				ProcessInitializeOnLoadAttributes (131ms)
				ProcessInitializeOnLoadMethodAttributes (16ms)
				AfterProcessingInitializeOnLoad (1ms)
				EditorAssembliesLoaded (0ms)
			ExecutionOrderSort2 (0ms)
			AwakeInstancesAfterBackupRestoration (2ms)
Platform modules already initialized, skipping
Refreshing native plugins compatible for Editor in 0.65 ms, found 2 plugins.
Preloading 0 native plugins for Editor in 0.00 ms.
Unloading 3398 Unused Serialized files (Serialized files now loaded: 0)
Unloading 19 unused Assets / (22.7 KB). Loaded Objects now: 3885.
Memory consumption went from 0.63 GB to 0.63 GB.
Total: 2.084375 ms (FindLiveObjects: 0.108042 ms CreateObjectMapping: 0.040542 ms MarkObjects: 1.915458 ms  DeleteObjects: 0.019916 ms)

AssetImportParameters requested are different than current active one (requested -> active):
  custom:video-decoder-ogg-theora: a1e56fd34408186e4bbccfd4996cb3dc -> 
  custom:container-muxer-webm: aa71ff27fc2769a1b78a27578f13a17b -> 
  custom:container-demuxer-webm: 4f35f7cbe854078d1ac9338744f61a02 -> 
  custom:video-encoder-webm-vp8: eb34c28f22e8b96e1ab97ce403110664 -> 
  custom:framework-osx-AVFoundation: e770b220cccbd017edd2c1fefb359320 -> 
  custom:audio-encoder-webm-vorbis: bf7c407c2cedff20999df2af8eb42d56 -> 
  custom:container-demuxer-ogg: 62fdf1f143b41e24485cea50d1cbac27 -> 
  custom:video-decoder-webm-vp8: 9c59270c3fd7afecdb556c50c9e8de78 -> 
  custom:audio-decoder-ogg-vorbis: bf7c407c2cedff20999df2af8eb42d56 -> 
========================================================================
Received Prepare
Registering precompiled user dll's ...
Registered in 0.001325 seconds.
Begin MonoManager ReloadAssembly
Thread 0x16ba77000 may have been prematurely finalized
Symbol file LoadedFromMemory doesn't match image /Users/harrisonferrone/Documents/GitHub/C-Design-Patterns-with-Unity-First-Edition/Ch_11_Final/Library/PackageCache/com.unity.visualscripting@1.7.8/Editor/VisualScripting.Core/Dependencies/YamlDotNet/Unity.VisualScripting.YamlDotNet.dll
Symbol file LoadedFromMemory doesn't match image /Users/harrisonferrone/Documents/GitHub/C-Design-Patterns-with-Unity-First-Edition/Ch_11_Final/Library/PackageCache/com.unity.visualscripting@1.7.8/Editor/VisualScripting.Core/Dependencies/DotNetZip/Unity.VisualScripting.IonicZip.dll
Native extension for OSXStandalone target not found
Refreshing native plugins compatible for Editor in 0.39 ms, found 2 plugins.
Preloading 0 native plugins for Editor in 0.00 ms.
Mono: successfully reloaded assembly
- Completed reload, in  0.632 seconds
Domain Reload Profiling:
	ReloadAssembly (632ms)
		BeginReloadAssembly (87ms)
			ExecutionOrderSort (0ms)
			DisableScriptedObjects (3ms)
			BackupInstance (0ms)
			ReleaseScriptingObjects (0ms)
			CreateAndSetChildDomain (39ms)
		EndReloadAssembly (487ms)
			LoadAssemblies (33ms)
			RebuildTransferFunctionScriptingTraits (0ms)
			SetupTypeCache (185ms)
				TypeCache.Initialize (182ms)
					TypeCache.ScanAssembly (180ms)
				ResolveRequiredComponents (3ms)
			ReleaseScriptCaches (1ms)
			RebuildScriptCaches (29ms)
			SetupLoadedEditorAssemblies (202ms)
				LogAssemblyErrors (0ms)
				InitializePlatformSupportModulesInManaged (6ms)
				SetLoadedEditorAssemblies (5ms)
				RefreshPlugins (0ms)
				BeforeProcessingInitializeOnLoad (38ms)
				ProcessInitializeOnLoadAttributes (135ms)
				ProcessInitializeOnLoadMethodAttributes (17ms)
				AfterProcessingInitializeOnLoad (1ms)
				EditorAssembliesLoaded (0ms)
			ExecutionOrderSort2 (0ms)
			AwakeInstancesAfterBackupRestoration (2ms)
Platform modules already initialized, skipping
Refreshing native plugins compatible for Editor in 0.77 ms, found 2 plugins.
Preloading 0 native plugins for Editor in 0.00 ms.
Unloading 3399 Unused Serialized files (Serialized files now loaded: 0)
Unloading 19 unused Assets / (22.8 KB). Loaded Objects now: 3888.
Memory consumption went from 0.63 GB to 0.63 GB.
Total: 2.169125 ms (FindLiveObjects: 0.114083 ms CreateObjectMapping: 0.043542 ms MarkObjects: 1.993083 ms  DeleteObjects: 0.017792 ms)

AssetImportParameters requested are different than current active one (requested -> active):
  custom:video-decoder-ogg-theora: a1e56fd34408186e4bbccfd4996cb3dc -> 
  custom:container-muxer-webm: aa71ff27fc2769a1b78a27578f13a17b -> 
  custom:container-demuxer-webm: 4f35f7cbe854078d1ac9338744f61a02 -> 
  custom:video-encoder-webm-vp8: eb34c28f22e8b96e1ab97ce403110664 -> 
  custom:framework-osx-AVFoundation: e770b220cccbd017edd2c1fefb359320 -> 
  custom:audio-encoder-webm-vorbis: bf7c407c2cedff20999df2af8eb42d56 -> 
  custom:container-demuxer-ogg: 62fdf1f143b41e24485cea50d1cbac27 -> 
  custom:video-decoder-webm-vp8: 9c59270c3fd7afecdb556c50c9e8de78 -> 
  custom:audio-decoder-ogg-vorbis: bf7c407c2cedff20999df2af8eb42d56 -> 
========================================================================
Received Import Request.
  Time since last request: 170.866264 seconds.
  path: Assets/ScriptableObjects/StatsUpgrade.asset
  artifactKey: Guid(55b425bfb3f084160a20c9e8f17e9ba6) Importer(815301076,1909f56bfc062723c751e8b465ee728b)
Start importing Assets/ScriptableObjects/StatsUpgrade.asset using Guid(55b425bfb3f084160a20c9e8f17e9ba6) Importer(815301076,1909f56bfc062723c751e8b465ee728b)  -> (artifact id: '2cb6b287ad82ba80d3200a7a66843f5e') in 0.538096 seconds 
========================================================================
Received Import Request.
  Time since last request: 1.487532 seconds.
  path: Assets/ScriptableObjects/StatsUpgrade 1.asset
  artifactKey: Guid(d3c81090dc53c4607b9c7de52f4331df) Importer(815301076,1909f56bfc062723c751e8b465ee728b)
Start importing Assets/ScriptableObjects/StatsUpgrade 1.asset using Guid(d3c81090dc53c4607b9c7de52f4331df) Importer(815301076,1909f56bfc062723c751e8b465ee728b)  -> (artifact id: '8e17e080f9be116c4637f125c095123e') in 0.001255 seconds 
========================================================================
Received Import Request.
  Time since last request: 3.337660 seconds.
  path: Assets/ScriptableObjects/WeaponUpgrade.asset
  artifactKey: Guid(d3c81090dc53c4607b9c7de52f4331df) Importer(815301076,1909f56bfc062723c751e8b465ee728b)
Start importing Assets/ScriptableObjects/WeaponUpgrade.asset using Guid(d3c81090dc53c4607b9c7de52f4331df) Importer(815301076,1909f56bfc062723c751e8b465ee728b)  -> (artifact id: '1b2e4d46c1c95cffbf8f9f4416c6fe87') in 0.000967 seconds 
========================================================================
Received Import Request.
  Time since last request: 0.790767 seconds.
  path: Assets/ScriptableObjects/WeaponUpgrade 1.asset
  artifactKey: Guid(25cce4fd4e7394695bb7e120e5001ea0) Importer(815301076,1909f56bfc062723c751e8b465ee728b)
Start importing Assets/ScriptableObjects/WeaponUpgrade 1.asset using Guid(25cce4fd4e7394695bb7e120e5001ea0) Importer(815301076,1909f56bfc062723c751e8b465ee728b)  -> (artifact id: 'c10f2b78f08e27904d120bf068c15d1e') in 0.001470 seconds 
========================================================================
Received Import Request.
  Time since last request: 8.931404 seconds.
  path: Assets/ScriptableObjects/Weapon.asset
  artifactKey: Guid(25cce4fd4e7394695bb7e120e5001ea0) Importer(815301076,1909f56bfc062723c751e8b465ee728b)
Start importing Assets/ScriptableObjects/Weapon.asset using Guid(25cce4fd4e7394695bb7e120e5001ea0) Importer(815301076,1909f56bfc062723c751e8b465ee728b)  -> (artifact id: '7e01e66c36e9492f8386a724e2639bcd') in 0.001068 seconds 
========================================================================
Received Import Request.
  Time since last request: 5.885274 seconds.
  path: Assets/ScriptableObjects/MegaWeaponUpgrade.asset
  artifactKey: Guid(25cce4fd4e7394695bb7e120e5001ea0) Importer(815301076,1909f56bfc062723c751e8b465ee728b)
Start importing Assets/ScriptableObjects/MegaWeaponUpgrade.asset using Guid(25cce4fd4e7394695bb7e120e5001ea0) Importer(815301076,1909f56bfc062723c751e8b465ee728b)  -> (artifact id: 'c8cf8fc7b514b29f338b0c24053d698c') in 0.001104 seconds 
========================================================================
Received Import Request.
  Time since last request: 9.081624 seconds.
  path: Assets/ScriptableObjects/StatsUpgrade.asset
  artifactKey: Guid(55b425bfb3f084160a20c9e8f17e9ba6) Importer(815301076,1909f56bfc062723c751e8b465ee728b)
Start importing Assets/ScriptableObjects/StatsUpgrade.asset using Guid(55b425bfb3f084160a20c9e8f17e9ba6) Importer(815301076,1909f56bfc062723c751e8b465ee728b)  -> (artifact id: '383f592767adfa94b7d7fa5dd76aea51') in 0.001103 seconds 
========================================================================
Received Import Request.
  Time since last request: 6.228302 seconds.
  path: Assets/ScriptableObjects/StatsUpgrade.asset
  artifactKey: Guid(55b425bfb3f084160a20c9e8f17e9ba6) Importer(815301076,1909f56bfc062723c751e8b465ee728b)
Start importing Assets/ScriptableObjects/StatsUpgrade.asset using Guid(55b425bfb3f084160a20c9e8f17e9ba6) Importer(815301076,1909f56bfc062723c751e8b465ee728b)  -> (artifact id: '09e161d667da0fa5111c3a31ca8635ca') in 0.001156 seconds 
========================================================================
Received Import Request.
  Time since last request: 2.429676 seconds.
  path: Assets/ScriptableObjects/StatsUpgrade.asset
  artifactKey: Guid(55b425bfb3f084160a20c9e8f17e9ba6) Importer(815301076,1909f56bfc062723c751e8b465ee728b)
Start importing Assets/ScriptableObjects/StatsUpgrade.asset using Guid(55b425bfb3f084160a20c9e8f17e9ba6) Importer(815301076,1909f56bfc062723c751e8b465ee728b)  -> (artifact id: 'b867d3a2928ba99ce72a84b8f29911f2') in 0.001131 seconds 
========================================================================
Received Import Request.
  Time since last request: 27.466740 seconds.
  path: Assets/ScriptableObjects/MegaUpgrade.asset
  artifactKey: Guid(25cce4fd4e7394695bb7e120e5001ea0) Importer(815301076,1909f56bfc062723c751e8b465ee728b)
Start importing Assets/ScriptableObjects/MegaUpgrade.asset using Guid(25cce4fd4e7394695bb7e120e5001ea0) Importer(815301076,1909f56bfc062723c751e8b465ee728b)  -> (artifact id: 'c41968124692a9a20e85295cc92ac08f') in 0.001126 seconds 
========================================================================
Received Import Request.
  Time since last request: 10.289561 seconds.
  path: Assets/ScriptableObjects/MegaUpgrade.asset
  artifactKey: Guid(25cce4fd4e7394695bb7e120e5001ea0) Importer(815301076,1909f56bfc062723c751e8b465ee728b)
Start importing Assets/ScriptableObjects/MegaUpgrade.asset using Guid(25cce4fd4e7394695bb7e120e5001ea0) Importer(815301076,1909f56bfc062723c751e8b465ee728b)  -> (artifact id: '38f614b23888fd3d6e455b7210ef4b03') in 0.001046 seconds 
========================================================================
Received Import Request.
  Time since last request: 4.026334 seconds.
  path: Assets/ScriptableObjects/WeaponUpgrade.asset
  artifactKey: Guid(d3c81090dc53c4607b9c7de52f4331df) Importer(815301076,1909f56bfc062723c751e8b465ee728b)
Start importing Assets/ScriptableObjects/WeaponUpgrade.asset using Guid(d3c81090dc53c4607b9c7de52f4331df) Importer(815301076,1909f56bfc062723c751e8b465ee728b)  -> (artifact id: '08da61e00714668ef0d1a3eb2eda88ec') in 0.001806 seconds 
========================================================================
Received Import Request.
  Time since last request: 475.311710 seconds.
  path: Assets/Scripts/UpgradePickup.cs
  artifactKey: Guid(f021c865207944911bf12956f4832be9) Importer(815301076,1909f56bfc062723c751e8b465ee728b)
Start importing Assets/Scripts/UpgradePickup.cs using Guid(f021c865207944911bf12956f4832be9) Importer(815301076,1909f56bfc062723c751e8b465ee728b)  -> (artifact id: 'e86f957e0ed3faef63a88e83c9d9f6d8') in 0.002120 seconds 
========================================================================
Received Prepare
Registering precompiled user dll's ...
Registered in 0.001162 seconds.
Begin MonoManager ReloadAssembly
Thread 0x16ba77000 may have been prematurely finalized
Symbol file LoadedFromMemory doesn't match image /Users/harrisonferrone/Documents/GitHub/C-Design-Patterns-with-Unity-First-Edition/Ch_11_Final/Library/PackageCache/com.unity.visualscripting@1.7.8/Editor/VisualScripting.Core/Dependencies/YamlDotNet/Unity.VisualScripting.YamlDotNet.dll
Symbol file LoadedFromMemory doesn't match image /Users/harrisonferrone/Documents/GitHub/C-Design-Patterns-with-Unity-First-Edition/Ch_11_Final/Library/PackageCache/com.unity.visualscripting@1.7.8/Editor/VisualScripting.Core/Dependencies/DotNetZip/Unity.VisualScripting.IonicZip.dll
Native extension for OSXStandalone target not found
Refreshing native plugins compatible for Editor in 0.42 ms, found 2 plugins.
Preloading 0 native plugins for Editor in 0.00 ms.
Mono: successfully reloaded assembly
- Completed reload, in  0.626 seconds
Domain Reload Profiling:
	ReloadAssembly (627ms)
		BeginReloadAssembly (97ms)
			ExecutionOrderSort (0ms)
			DisableScriptedObjects (3ms)
			BackupInstance (0ms)
			ReleaseScriptingObjects (0ms)
			CreateAndSetChildDomain (46ms)
		EndReloadAssembly (470ms)
			LoadAssemblies (34ms)
			RebuildTransferFunctionScriptingTraits (0ms)
			SetupTypeCache (184ms)
				TypeCache.Initialize (181ms)
					TypeCache.ScanAssembly (178ms)
				ResolveRequiredComponents (3ms)
			ReleaseScriptCaches (1ms)
			RebuildScriptCaches (26ms)
			SetupLoadedEditorAssemblies (192ms)
				LogAssemblyErrors (0ms)
				InitializePlatformSupportModulesInManaged (5ms)
				SetLoadedEditorAssemblies (4ms)
				RefreshPlugins (0ms)
				BeforeProcessingInitializeOnLoad (34ms)
				ProcessInitializeOnLoadAttributes (133ms)
				ProcessInitializeOnLoadMethodAttributes (16ms)
				AfterProcessingInitializeOnLoad (1ms)
				EditorAssembliesLoaded (0ms)
			ExecutionOrderSort2 (0ms)
			AwakeInstancesAfterBackupRestoration (2ms)
Platform modules already initialized, skipping
Refreshing native plugins compatible for Editor in 1.11 ms, found 2 plugins.
Preloading 0 native plugins for Editor in 0.00 ms.
Unloading 3399 Unused Serialized files (Serialized files now loaded: 0)
Unloading 19 unused Assets / (22.8 KB). Loaded Objects now: 3893.
Memory consumption went from 0.63 GB to 0.63 GB.
Total: 2.198000 ms (FindLiveObjects: 0.138750 ms CreateObjectMapping: 0.038916 ms MarkObjects: 2.002334 ms  DeleteObjects: 0.017625 ms)

AssetImportParameters requested are different than current active one (requested -> active):
  custom:video-decoder-ogg-theora: a1e56fd34408186e4bbccfd4996cb3dc -> 
  custom:container-muxer-webm: aa71ff27fc2769a1b78a27578f13a17b -> 
  custom:container-demuxer-webm: 4f35f7cbe854078d1ac9338744f61a02 -> 
  custom:video-encoder-webm-vp8: eb34c28f22e8b96e1ab97ce403110664 -> 
  custom:framework-osx-AVFoundation: e770b220cccbd017edd2c1fefb359320 -> 
  custom:audio-encoder-webm-vorbis: bf7c407c2cedff20999df2af8eb42d56 -> 
  custom:container-demuxer-ogg: 62fdf1f143b41e24485cea50d1cbac27 -> 
  custom:video-decoder-webm-vp8: 9c59270c3fd7afecdb556c50c9e8de78 -> 
  custom:audio-decoder-ogg-vorbis: bf7c407c2cedff20999df2af8eb42d56 -> 
========================================================================
Received Import Request.
  Time since last request: 21.590613 seconds.
  path: Assets/Scripts/UpgradePickup.cs
  artifactKey: Guid(f021c865207944911bf12956f4832be9) Importer(815301076,1909f56bfc062723c751e8b465ee728b)
Start importing Assets/Scripts/UpgradePickup.cs using Guid(f021c865207944911bf12956f4832be9) Importer(815301076,1909f56bfc062723c751e8b465ee728b)  -> (artifact id: 'a5d6c2d565ef6b6a5aec52034382d7cb') in 0.002081 seconds 
========================================================================
Received Prepare
Registering precompiled user dll's ...
Registered in 0.001094 seconds.
Begin MonoManager ReloadAssembly
Thread 0x16ba77000 may have been prematurely finalized
Symbol file LoadedFromMemory doesn't match image /Users/harrisonferrone/Documents/GitHub/C-Design-Patterns-with-Unity-First-Edition/Ch_11_Final/Library/PackageCache/com.unity.visualscripting@1.7.8/Editor/VisualScripting.Core/Dependencies/YamlDotNet/Unity.VisualScripting.YamlDotNet.dll
Symbol file LoadedFromMemory doesn't match image /Users/harrisonferrone/Documents/GitHub/C-Design-Patterns-with-Unity-First-Edition/Ch_11_Final/Library/PackageCache/com.unity.visualscripting@1.7.8/Editor/VisualScripting.Core/Dependencies/DotNetZip/Unity.VisualScripting.IonicZip.dll
Native extension for OSXStandalone target not found
Refreshing native plugins compatible for Editor in 0.34 ms, found 2 plugins.
Preloading 0 native plugins for Editor in 0.00 ms.
Mono: successfully reloaded assembly
- Completed reload, in  0.604 seconds
Domain Reload Profiling:
	ReloadAssembly (604ms)
		BeginReloadAssembly (92ms)
			ExecutionOrderSort (0ms)
			DisableScriptedObjects (4ms)
			BackupInstance (0ms)
			ReleaseScriptingObjects (0ms)
			CreateAndSetChildDomain (42ms)
		EndReloadAssembly (451ms)
			LoadAssemblies (34ms)
			RebuildTransferFunctionScriptingTraits (0ms)
			SetupTypeCache (178ms)
				TypeCache.Initialize (175ms)
					TypeCache.ScanAssembly (173ms)
				ResolveRequiredComponents (3ms)
			ReleaseScriptCaches (1ms)
			RebuildScriptCaches (26ms)
			SetupLoadedEditorAssemblies (183ms)
				LogAssemblyErrors (0ms)
				InitializePlatformSupportModulesInManaged (4ms)
				SetLoadedEditorAssemblies (4ms)
				RefreshPlugins (0ms)
				BeforeProcessingInitializeOnLoad (33ms)
				ProcessInitializeOnLoadAttributes (124ms)
				ProcessInitializeOnLoadMethodAttributes (14ms)
				AfterProcessingInitializeOnLoad (1ms)
				EditorAssembliesLoaded (0ms)
			ExecutionOrderSort2 (0ms)
			AwakeInstancesAfterBackupRestoration (2ms)
Platform modules already initialized, skipping
Refreshing native plugins compatible for Editor in 0.68 ms, found 2 plugins.
Preloading 0 native plugins for Editor in 0.00 ms.
Unloading 3399 Unused Serialized files (Serialized files now loaded: 0)
Unloading 19 unused Assets / (22.9 KB). Loaded Objects now: 3896.
Memory consumption went from 0.63 GB to 0.63 GB.
Total: 2.161666 ms (FindLiveObjects: 0.128500 ms CreateObjectMapping: 0.042041 ms MarkObjects: 1.970750 ms  DeleteObjects: 0.019750 ms)

AssetImportParameters requested are different than current active one (requested -> active):
  custom:video-decoder-ogg-theora: a1e56fd34408186e4bbccfd4996cb3dc -> 
  custom:container-muxer-webm: aa71ff27fc2769a1b78a27578f13a17b -> 
  custom:container-demuxer-webm: 4f35f7cbe854078d1ac9338744f61a02 -> 
  custom:video-encoder-webm-vp8: eb34c28f22e8b96e1ab97ce403110664 -> 
  custom:framework-osx-AVFoundation: e770b220cccbd017edd2c1fefb359320 -> 
  custom:audio-encoder-webm-vorbis: bf7c407c2cedff20999df2af8eb42d56 -> 
  custom:container-demuxer-ogg: 62fdf1f143b41e24485cea50d1cbac27 -> 
  custom:video-decoder-webm-vp8: 9c59270c3fd7afecdb556c50c9e8de78 -> 
  custom:audio-decoder-ogg-vorbis: bf7c407c2cedff20999df2af8eb42d56 -> 
========================================================================
Received Import Request.
  Time since last request: 14.839933 seconds.
  path: Assets/Prefabs/Upgrade.prefab
  artifactKey: Guid(46be26071ced7451fa12f840dd31fdbe) Importer(815301076,1909f56bfc062723c751e8b465ee728b)
Start importing Assets/Prefabs/Upgrade.prefab using Guid(46be26071ced7451fa12f840dd31fdbe) Importer(815301076,1909f56bfc062723c751e8b465ee728b)  -> (artifact id: '74d044bcfc523f5c8160c7d5add0bdc3') in 0.077434 seconds 
========================================================================
Received Prepare
Registering precompiled user dll's ...
Registered in 0.001087 seconds.
Begin MonoManager ReloadAssembly
Thread 0x16ba77000 may have been prematurely finalized
Symbol file LoadedFromMemory doesn't match image /Users/harrisonferrone/Documents/GitHub/C-Design-Patterns-with-Unity-First-Edition/Ch_11_Final/Library/PackageCache/com.unity.visualscripting@1.7.8/Editor/VisualScripting.Core/Dependencies/YamlDotNet/Unity.VisualScripting.YamlDotNet.dll
Symbol file LoadedFromMemory doesn't match image /Users/harrisonferrone/Documents/GitHub/C-Design-Patterns-with-Unity-First-Edition/Ch_11_Final/Library/PackageCache/com.unity.visualscripting@1.7.8/Editor/VisualScripting.Core/Dependencies/DotNetZip/Unity.VisualScripting.IonicZip.dll
Native extension for OSXStandalone target not found
Refreshing native plugins compatible for Editor in 0.35 ms, found 2 plugins.
Preloading 0 native plugins for Editor in 0.00 ms.
Mono: successfully reloaded assembly
- Completed reload, in  0.619 seconds
Domain Reload Profiling:
	ReloadAssembly (620ms)
		BeginReloadAssembly (95ms)
			ExecutionOrderSort (0ms)
			DisableScriptedObjects (3ms)
			BackupInstance (0ms)
			ReleaseScriptingObjects (0ms)
			CreateAndSetChildDomain (39ms)
		EndReloadAssembly (459ms)
			LoadAssemblies (44ms)
			RebuildTransferFunctionScriptingTraits (0ms)
			SetupTypeCache (179ms)
				TypeCache.Initialize (177ms)
					TypeCache.ScanAssembly (174ms)
				ResolveRequiredComponents (3ms)
			ReleaseScriptCaches (1ms)
			RebuildScriptCaches (26ms)
			SetupLoadedEditorAssemblies (182ms)
				LogAssemblyErrors (0ms)
				InitializePlatformSupportModulesInManaged (5ms)
				SetLoadedEditorAssemblies (4ms)
				RefreshPlugins (0ms)
				BeforeProcessingInitializeOnLoad (34ms)
				ProcessInitializeOnLoadAttributes (124ms)
				ProcessInitializeOnLoadMethodAttributes (14ms)
				AfterProcessingInitializeOnLoad (1ms)
				EditorAssembliesLoaded (0ms)
			ExecutionOrderSort2 (0ms)
			AwakeInstancesAfterBackupRestoration (2ms)
Platform modules already initialized, skipping
Refreshing native plugins compatible for Editor in 0.72 ms, found 2 plugins.
Preloading 0 native plugins for Editor in 0.00 ms.
Unloading 3399 Unused Serialized files (Serialized files now loaded: 0)
Unloading 19 unused Assets / (22.7 KB). Loaded Objects now: 3906.
Memory consumption went from 0.64 GB to 0.64 GB.
Total: 2.164250 ms (FindLiveObjects: 0.148375 ms CreateObjectMapping: 0.044791 ms MarkObjects: 1.954500 ms  DeleteObjects: 0.016000 ms)

AssetImportParameters requested are different than current active one (requested -> active):
  custom:video-decoder-ogg-theora: a1e56fd34408186e4bbccfd4996cb3dc -> 
  custom:container-muxer-webm: aa71ff27fc2769a1b78a27578f13a17b -> 
  custom:container-demuxer-webm: 4f35f7cbe854078d1ac9338744f61a02 -> 
  custom:video-encoder-webm-vp8: eb34c28f22e8b96e1ab97ce403110664 -> 
  custom:framework-osx-AVFoundation: e770b220cccbd017edd2c1fefb359320 -> 
  custom:audio-encoder-webm-vorbis: bf7c407c2cedff20999df2af8eb42d56 -> 
  custom:container-demuxer-ogg: 62fdf1f143b41e24485cea50d1cbac27 -> 
  custom:video-decoder-webm-vp8: 9c59270c3fd7afecdb556c50c9e8de78 -> 
  custom:audio-decoder-ogg-vorbis: bf7c407c2cedff20999df2af8eb42d56 -> 
